INFO 2020-07-08 20:41:31,044 basehttp 124 "GET /home/banner/ HTTP/1.1" 200 2
WARNING 2020-07-08 20:42:02,923 base 93 Not Found: /
WARNING 2020-07-08 20:42:02,926 basehttp 124 "GET / HTTP/1.1" 404 2161
WARNING 2020-07-08 20:42:03,078 base 93 Not Found: /favicon.ico
WARNING 2020-07-08 20:42:03,079 basehttp 124 "GET /favicon.ico HTTP/1.1" 404 2212
INFO 2020-07-08 20:42:20,188 basehttp 124 "GET /xadmin/ HTTP/1.1" 200 4366
INFO 2020-07-08 20:42:20,215 basehttp 124 "GET /static/xadmin/vendor/bootstrap/css/bootstrap.css HTTP/1.1" 200 126432
INFO 2020-07-08 20:42:20,224 basehttp 124 "GET /static/xadmin/css/themes/bootstrap-xadmin.css HTTP/1.1" 200 1888
INFO 2020-07-08 20:42:20,238 basehttp 124 "GET /static/xadmin/css/xadmin.responsive.css HTTP/1.1" 200 4361
INFO 2020-07-08 20:42:20,238 basehttp 124 "GET /static/xadmin/css/xadmin.plugins.css HTTP/1.1" 200 175
INFO 2020-07-08 20:42:20,238 basehttp 124 "GET /static/xadmin/vendor/font-awesome/css/font-awesome.css HTTP/1.1" 200 21658
INFO 2020-07-08 20:42:20,239 basehttp 124 "GET /static/xadmin/css/xadmin.main.css HTTP/1.1" 200 8376
INFO 2020-07-08 20:42:20,254 basehttp 124 "GET /static/xadmin/vendor/jquery/jquery.js HTTP/1.1" 200 240196
INFO 2020-07-08 20:42:20,268 basehttp 124 "GET /xadmin/jsi18n/ HTTP/1.1" 200 4373
INFO 2020-07-08 20:42:20,273 basehttp 124 "GET /static/xadmin/vendor/jquery-ui/jquery.ui.core.js HTTP/1.1" 200 8195
INFO 2020-07-08 20:42:20,282 basehttp 124 "GET /static/xadmin/vendor/jquery-ui/jquery.ui.widget.js HTTP/1.1" 200 15069
INFO 2020-07-08 20:42:20,283 basehttp 124 "GET /static/xadmin/vendor/jquery-ui/jquery.ui.mouse.js HTTP/1.1" 200 4561
INFO 2020-07-08 20:42:20,287 basehttp 124 "GET /static/xadmin/vendor/jquery-ui/jquery.ui.sortable.js HTTP/1.1" 200 42543
INFO 2020-07-08 20:42:20,305 basehttp 124 "GET /static/xadmin/vendor/bootstrap/js/bootstrap.js HTTP/1.1" 200 58327
INFO 2020-07-08 20:42:20,325 basehttp 124 "GET /static/xadmin/js/xadmin.responsive.js HTTP/1.1" 200 4165
INFO 2020-07-08 20:42:20,326 basehttp 124 "GET /static/xadmin/vendor/jquery-ui/jquery.ui.effect.js HTTP/1.1" 200 31918
INFO 2020-07-08 20:42:20,327 basehttp 124 "GET /static/xadmin/js/xadmin.main.js HTTP/1.1" 200 3401
INFO 2020-07-08 20:42:20,328 basehttp 124 "GET /static/xadmin/js/xadmin.plugin.themes.js HTTP/1.1" 200 3489
INFO 2020-07-08 20:42:20,517 basehttp 124 "GET /static/xadmin/vendor/font-awesome/fonts/fontawesome-webfont.woff?v=4.0.3 HTTP/1.1" 200 44432
INFO 2020-07-08 20:42:39,066 basehttp 124 "POST /xadmin/ HTTP/1.1" 200 4603
INFO 2020-07-08 20:42:39,120 basehttp 124 "GET /xadmin/jsi18n/ HTTP/1.1" 200 4373
INFO 2020-07-08 20:42:58,277 basehttp 124 "POST /xadmin/ HTTP/1.1" 200 4603
INFO 2020-07-08 20:42:58,315 basehttp 124 "GET /xadmin/jsi18n/ HTTP/1.1" 200 4373
INFO 2020-07-08 20:44:19,418 basehttp 124 "POST /xadmin/ HTTP/1.1" 200 4474
INFO 2020-07-08 20:44:19,464 basehttp 124 "GET /xadmin/jsi18n/ HTTP/1.1" 200 4373
INFO 2020-07-08 20:44:33,552 basehttp 124 "POST /xadmin/ HTTP/1.1" 200 4603
INFO 2020-07-08 20:44:33,595 basehttp 124 "GET /xadmin/jsi18n/ HTTP/1.1" 200 4373
INFO 2020-07-08 20:44:34,925 basehttp 124 "GET /xadmin/xadmin/password_reset/ HTTP/1.1" 200 3455
INFO 2020-07-08 20:44:34,968 basehttp 124 "GET /xadmin/jsi18n/ HTTP/1.1" 200 4373
ERROR 2020-07-08 20:45:15,151 exception 74 Invalid HTTP_HOST header: '127.0.0.1:9001'. You may need to add '127.0.0.1' to ALLOWED_HOSTS.
WARNING 2020-07-08 20:45:15,442 basehttp 124 "GET / HTTP/1.1" 400 67493
ERROR 2020-07-08 20:45:15,734 exception 74 Invalid HTTP_HOST header: '127.0.0.1:9001'. You may need to add '127.0.0.1' to ALLOWED_HOSTS.
WARNING 2020-07-08 20:45:15,772 basehttp 124 "GET /favicon.ico HTTP/1.1" 400 67406
ERROR 2020-07-08 20:46:01,280 exception 74 Invalid HTTP_HOST header: '127.0.0.1:9001'. You may need to add '127.0.0.1' to ALLOWED_HOSTS.
WARNING 2020-07-08 20:46:01,594 basehttp 124 "GET / HTTP/1.1" 400 67589
ERROR 2020-07-08 20:46:01,904 exception 74 Invalid HTTP_HOST header: '127.0.0.1:9001'. You may need to add '127.0.0.1' to ALLOWED_HOSTS.
WARNING 2020-07-08 20:46:01,943 basehttp 124 "GET /favicon.ico HTTP/1.1" 400 67502
WARNING 2020-07-08 20:47:21,341 base 93 Not Found: /
WARNING 2020-07-08 20:47:21,344 basehttp 124 "GET / HTTP/1.1" 404 2161
WARNING 2020-07-08 20:47:30,485 base 93 Not Found: /home
WARNING 2020-07-08 20:47:30,485 basehttp 124 "GET /home HTTP/1.1" 404 2191
WARNING 2020-07-08 20:47:35,876 base 93 Not Found: /home/
WARNING 2020-07-08 20:47:35,877 basehttp 124 "GET /home/ HTTP/1.1" 404 2248
INFO 2020-07-08 20:47:51,731 basehttp 124 "GET /home/banner/ HTTP/1.1" 200 5222
INFO 2020-07-08 20:47:51,759 basehttp 124 "GET /static/rest_framework/css/bootstrap.min.css HTTP/1.1" 200 121457
INFO 2020-07-08 20:47:51,772 basehttp 124 "GET /static/rest_framework/css/bootstrap-tweaks.css HTTP/1.1" 200 3385
INFO 2020-07-08 20:47:51,776 basehttp 124 "GET /static/rest_framework/css/prettify.css HTTP/1.1" 200 817
INFO 2020-07-08 20:47:51,777 basehttp 124 "GET /static/rest_framework/css/default.css HTTP/1.1" 200 1131
INFO 2020-07-08 20:47:51,778 basehttp 124 "GET /static/rest_framework/js/jquery-3.4.1.min.js HTTP/1.1" 200 88145
INFO 2020-07-08 20:47:51,785 basehttp 124 "GET /static/rest_framework/js/ajax-form.js HTTP/1.1" 200 3597
INFO 2020-07-08 20:47:51,791 basehttp 124 "GET /static/rest_framework/js/csrf.js HTTP/1.1" 200 1719
INFO 2020-07-08 20:47:51,795 basehttp 124 "GET /static/rest_framework/js/bootstrap.min.js HTTP/1.1" 200 37608
INFO 2020-07-08 20:47:51,829 basehttp 124 "GET /static/rest_framework/js/prettify-min.js HTTP/1.1" 200 13632
INFO 2020-07-08 20:47:51,833 basehttp 124 "GET /static/rest_framework/js/default.js HTTP/1.1" 200 1268
INFO 2020-07-08 20:47:51,881 basehttp 124 "GET /static/rest_framework/img/grid.png HTTP/1.1" 200 1458
INFO 2020-07-08 20:48:16,015 basehttp 124 "GET /xadmin/ HTTP/1.1" 200 4366
INFO 2020-07-08 20:48:16,110 basehttp 124 "GET /xadmin/jsi18n/ HTTP/1.1" 200 4373
INFO 2020-07-08 20:48:35,335 basehttp 124 "POST /xadmin/ HTTP/1.1" 200 4603
INFO 2020-07-08 20:48:35,375 basehttp 124 "GET /xadmin/jsi18n/ HTTP/1.1" 200 4373
INFO 2020-07-08 20:51:49,313 basehttp 124 "POST /xadmin/ HTTP/1.1" 302 0
INFO 2020-07-08 20:51:55,103 basehttp 124 "GET /xadmin/ HTTP/1.1" 200 14798
INFO 2020-07-08 20:51:55,159 basehttp 124 "GET /static/xadmin/css/xadmin.page.dashboard.css HTTP/1.1" 200 790
INFO 2020-07-08 20:51:55,159 basehttp 124 "GET /static/xadmin/js/xadmin.plugin.portal.js HTTP/1.1" 200 1000
INFO 2020-07-08 20:51:55,159 basehttp 124 "GET /static/xadmin/js/xadmin.page.dashboard.js HTTP/1.1" 200 3208
INFO 2020-07-08 20:51:59,192 basehttp 124 "GET /xadmin/jsi18n/ HTTP/1.1" 200 7684
INFO 2020-07-08 20:52:16,583 basehttp 124 "GET /xadmin/xadmin/log/ HTTP/1.1" 200 30610
INFO 2020-07-08 20:52:16,633 basehttp 124 "GET /static/xadmin/css/xadmin.form.css HTTP/1.1" 200 3763
INFO 2020-07-08 20:52:16,639 basehttp 124 "GET /static/xadmin/vendor/bootstrap-datepicker/css/datepicker.css HTTP/1.1" 200 10225
INFO 2020-07-08 20:52:16,648 basehttp 124 "GET /static/xadmin/vendor/selectize/selectize.css HTTP/1.1" 200 8425
INFO 2020-07-08 20:52:16,648 basehttp 124 "GET /static/xadmin/vendor/select2/select2.css HTTP/1.1" 200 19226
INFO 2020-07-08 20:52:16,649 basehttp 124 "GET /static/xadmin/vendor/selectize/selectize.bootstrap3.css HTTP/1.1" 200 10602
INFO 2020-07-08 20:52:16,655 basehttp 124 "GET /static/xadmin/js/xadmin.plugin.details.js HTTP/1.1" 200 2319
INFO 2020-07-08 20:52:16,692 basehttp 124 "GET /static/xadmin/js/xadmin.plugin.bookmark.js HTTP/1.1" 200 529
INFO 2020-07-08 20:52:16,693 basehttp 124 "GET /static/xadmin/js/xadmin.widget.datetime.js HTTP/1.1" 200 2979
INFO 2020-07-08 20:52:16,693 basehttp 124 "GET /static/xadmin/vendor/bootstrap-datepicker/js/bootstrap-datepicker.js HTTP/1.1" 200 32656
INFO 2020-07-08 20:52:16,694 basehttp 124 "GET /static/xadmin/vendor/select2/select2.js HTTP/1.1" 200 104906
INFO 2020-07-08 20:52:16,695 basehttp 124 "GET /static/xadmin/vendor/selectize/selectize.js HTTP/1.1" 200 98602
INFO 2020-07-08 20:52:16,703 basehttp 124 "GET /static/xadmin/vendor/select2/select2_locale_zh-hans.js HTTP/1.1" 200 694
INFO 2020-07-08 20:52:16,748 basehttp 124 "GET /static/xadmin/js/xadmin.widget.select.js HTTP/1.1" 200 1344
INFO 2020-07-08 20:52:16,757 basehttp 124 "GET /static/xadmin/js/xadmin.plugin.filters.js HTTP/1.1" 200 1990
INFO 2020-07-08 20:52:16,760 basehttp 124 "GET /static/xadmin/js/xadmin.page.list.js HTTP/1.1" 200 1105
INFO 2020-07-08 20:52:16,765 basehttp 124 "GET /static/xadmin/js/xadmin.page.form.js HTTP/1.1" 200 1948
INFO 2020-07-08 20:52:20,783 basehttp 124 "GET /xadmin/jsi18n/ HTTP/1.1" 200 7684
INFO 2020-07-08 20:52:30,465 basehttp 124 "GET /xadmin/auth/group/ HTTP/1.1" 200 24006
ERROR 2020-07-08 20:52:30,468 basehttp 124 "GET /xadmin/auth/group/ HTTP/1.1" 500 59
INFO 2020-07-08 20:52:33,851 basehttp 124 "GET /xadmin/auth/user/ HTTP/1.1" 200 34342
INFO 2020-07-08 20:52:33,901 basehttp 124 "GET /static/xadmin/js/xadmin.plugin.actions.js HTTP/1.1" 200 4198
INFO 2020-07-08 20:52:37,946 basehttp 124 "GET /xadmin/jsi18n/ HTTP/1.1" 200 7684
INFO 2020-07-08 20:52:50,131 basehttp 124 "GET /xadmin/home/banner/ HTTP/1.1" 200 24337
INFO 2020-07-08 20:52:54,222 basehttp 124 "GET /xadmin/jsi18n/ HTTP/1.1" 200 7684
INFO 2020-07-08 20:53:01,871 basehttp 124 "GET /xadmin/home/banner/add/ HTTP/1.1" 200 19873
INFO 2020-07-08 20:53:01,916 basehttp 124 "GET /static/xadmin/vendor/bootstrap-image-gallery/css/bootstrap-image-gallery.css HTTP/1.1" 200 3339
INFO 2020-07-08 20:53:01,931 basehttp 124 "GET /static/xadmin/vendor/load-image/load-image.js HTTP/1.1" 200 8309
INFO 2020-07-08 20:53:01,936 basehttp 124 "GET /static/xadmin/vendor/bootstrap-image-gallery/js/bootstrap-image-gallery.js HTTP/1.1" 200 15611
INFO 2020-07-08 20:53:05,970 basehttp 124 "GET /xadmin/jsi18n/ HTTP/1.1" 200 7684
INFO 2020-07-08 20:53:05,995 basehttp 124 "GET /static/xadmin/vendor/font-awesome/fonts/fontawesome-webfont.woff?v=4.0.3 HTTP/1.1" 304 0
INFO 2020-07-08 20:54:35,376 basehttp 124 "POST /xadmin/home/banner/add/ HTTP/1.1" 302 0
INFO 2020-07-08 20:54:39,481 basehttp 124 "GET /xadmin/home/banner/ HTTP/1.1" 200 28350
INFO 2020-07-08 20:54:39,559 basehttp 124 "GET /static/xadmin/vendor/bootstrap/css/bootstrap.css HTTP/1.1" 304 0
INFO 2020-07-08 20:54:39,564 basehttp 124 "GET /static/xadmin/css/themes/bootstrap-xadmin.css HTTP/1.1" 304 0
INFO 2020-07-08 20:54:39,582 basehttp 124 "GET /static/xadmin/vendor/font-awesome/css/font-awesome.css HTTP/1.1" 304 0
INFO 2020-07-08 20:54:39,583 basehttp 124 "GET /static/xadmin/css/xadmin.plugins.css HTTP/1.1" 304 0
INFO 2020-07-08 20:54:39,584 basehttp 124 "GET /static/xadmin/css/xadmin.main.css HTTP/1.1" 304 0
INFO 2020-07-08 20:54:39,588 basehttp 124 "GET /static/xadmin/css/xadmin.responsive.css HTTP/1.1" 304 0
INFO 2020-07-08 20:54:39,589 basehttp 124 "GET /static/xadmin/vendor/jquery/jquery.js HTTP/1.1" 304 0
INFO 2020-07-08 20:54:39,628 basehttp 124 "GET /static/xadmin/vendor/jquery-ui/jquery.ui.mouse.js HTTP/1.1" 304 0
INFO 2020-07-08 20:54:39,628 basehttp 124 "GET /static/xadmin/vendor/jquery-ui/jquery.ui.widget.js HTTP/1.1" 304 0
INFO 2020-07-08 20:54:39,628 basehttp 124 "GET /static/xadmin/vendor/bootstrap/js/bootstrap.js HTTP/1.1" 304 0
INFO 2020-07-08 20:54:39,629 basehttp 124 "GET /static/xadmin/vendor/jquery-ui/jquery.ui.core.js HTTP/1.1" 304 0
INFO 2020-07-08 20:54:39,629 basehttp 124 "GET /static/xadmin/vendor/jquery-ui/jquery.ui.sortable.js HTTP/1.1" 304 0
INFO 2020-07-08 20:54:39,659 basehttp 124 "GET /static/xadmin/js/xadmin.main.js HTTP/1.1" 304 0
INFO 2020-07-08 20:54:39,661 basehttp 124 "GET /static/xadmin/vendor/jquery-ui/jquery.ui.effect.js HTTP/1.1" 304 0
INFO 2020-07-08 20:54:39,662 basehttp 124 "GET /static/xadmin/js/xadmin.responsive.js HTTP/1.1" 304 0
INFO 2020-07-08 20:54:39,664 basehttp 124 "GET /static/xadmin/js/xadmin.plugin.themes.js HTTP/1.1" 304 0
INFO 2020-07-08 20:54:43,634 basehttp 124 "GET /xadmin/jsi18n/ HTTP/1.1" 200 7684
INFO 2020-07-08 20:54:54,945 basehttp 124 "GET /xadmin/home/banner/add/ HTTP/1.1" 200 19873
INFO 2020-07-08 20:54:59,035 basehttp 124 "GET /xadmin/jsi18n/ HTTP/1.1" 200 7684
INFO 2020-07-08 20:55:14,626 basehttp 124 "POST /xadmin/home/banner/add/ HTTP/1.1" 302 0
INFO 2020-07-08 20:55:18,804 basehttp 124 "GET /xadmin/home/banner/ HTTP/1.1" 200 28930
INFO 2020-07-08 20:55:22,913 basehttp 124 "GET /xadmin/jsi18n/ HTTP/1.1" 200 7684
INFO 2020-07-08 20:55:32,184 basehttp 124 "GET /xadmin/home/banner/add/ HTTP/1.1" 200 19873
INFO 2020-07-08 20:55:36,289 basehttp 124 "GET /xadmin/jsi18n/ HTTP/1.1" 200 7684
INFO 2020-07-08 20:55:49,824 basehttp 124 "POST /xadmin/home/banner/add/ HTTP/1.1" 302 0
INFO 2020-07-08 20:55:53,955 basehttp 124 "GET /xadmin/home/banner/ HTTP/1.1" 200 29510
INFO 2020-07-08 20:55:58,068 basehttp 124 "GET /xadmin/jsi18n/ HTTP/1.1" 200 7684
INFO 2020-07-08 20:56:07,303 basehttp 124 "GET /xadmin/home/nav/ HTTP/1.1" 200 24900
INFO 2020-07-08 20:56:11,386 basehttp 124 "GET /xadmin/jsi18n/ HTTP/1.1" 200 7684
INFO 2020-07-08 20:56:21,855 basehttp 124 "GET /xadmin/home/nav/add/ HTTP/1.1" 200 19189
INFO 2020-07-08 20:56:25,954 basehttp 124 "GET /xadmin/jsi18n/ HTTP/1.1" 200 7684
INFO 2020-07-08 20:56:45,591 basehttp 124 "GET /xadmin/ HTTP/1.1" 200 14798
INFO 2020-07-08 20:56:49,505 basehttp 124 "GET /home/banner/ HTTP/1.1" 200 217
ERROR 2020-07-08 20:56:49,507 basehttp 124 "GET /home/banner/ HTTP/1.1" 500 59
INFO 2020-07-08 20:56:49,685 basehttp 124 "GET /xadmin/jsi18n/ HTTP/1.1" 200 7684
INFO 2020-07-08 20:56:52,485 basehttp 124 "GET /home/banner/ HTTP/1.1" 200 217
INFO 2020-07-08 20:56:52,692 basehttp 124 "GET /media/banner/01.png HTTP/1.1" 200 737783
INFO 2020-07-08 20:56:52,705 basehttp 124 "GET /media/banner/02.png HTTP/1.1" 200 364808
INFO 2020-07-08 20:56:52,930 basehttp 124 "GET /media/banner/03.png HTTP/1.1" 200 745382
INFO 2020-07-08 21:00:30,982 basehttp 124 "GET /home/banner/ HTTP/1.1" 200 217
INFO 2020-07-08 21:00:31,005 basehttp 124 "GET /media/banner/01.png HTTP/1.1" 304 0
INFO 2020-07-08 21:00:31,007 basehttp 124 "GET /media/banner/02.png HTTP/1.1" 304 0
INFO 2020-07-08 21:00:31,011 basehttp 124 "GET /media/banner/03.png HTTP/1.1" 304 0
INFO 2020-07-08 21:02:19,941 basehttp 124 "GET /home/banner/ HTTP/1.1" 200 217
INFO 2020-07-08 21:02:19,963 basehttp 124 "GET /media/banner/03.png HTTP/1.1" 304 0
INFO 2020-07-08 21:02:19,965 basehttp 124 "GET /media/banner/01.png HTTP/1.1" 304 0
INFO 2020-07-08 21:02:19,968 basehttp 124 "GET /media/banner/02.png HTTP/1.1" 304 0
INFO 2020-07-08 21:05:41,391 basehttp 124 "GET /home/banner/ HTTP/1.1" 200 217
INFO 2020-07-08 21:14:42,164 basehttp 124 "GET /home/footer/ HTTP/1.1" 200 2
INFO 2020-07-08 21:14:56,734 basehttp 124 "GET /xadmin/home/nav/ HTTP/1.1" 200 24900
ERROR 2020-07-08 21:14:56,735 basehttp 124 "GET /xadmin/home/nav/ HTTP/1.1" 500 59
INFO 2020-07-08 21:14:57,490 basehttp 124 "GET /xadmin/home/nav/ HTTP/1.1" 200 24900
INFO 2020-07-08 21:14:57,543 basehttp 124 "GET /static/xadmin/vendor/bootstrap/css/bootstrap.css HTTP/1.1" 304 0
INFO 2020-07-08 21:14:57,548 basehttp 124 "GET /static/xadmin/vendor/font-awesome/css/font-awesome.css HTTP/1.1" 304 0
INFO 2020-07-08 21:14:57,553 basehttp 124 "GET /static/xadmin/css/xadmin.main.css HTTP/1.1" 304 0
INFO 2020-07-08 21:14:57,555 basehttp 124 "GET /static/xadmin/css/themes/bootstrap-xadmin.css HTTP/1.1" 304 0
INFO 2020-07-08 21:14:57,565 basehttp 124 "GET /static/xadmin/css/xadmin.plugins.css HTTP/1.1" 304 0
INFO 2020-07-08 21:14:57,568 basehttp 124 "GET /static/xadmin/css/xadmin.responsive.css HTTP/1.1" 304 0
INFO 2020-07-08 21:14:57,575 basehttp 124 "GET /static/xadmin/css/xadmin.form.css HTTP/1.1" 304 0
INFO 2020-07-08 21:14:57,575 basehttp 124 "GET /static/xadmin/vendor/jquery/jquery.js HTTP/1.1" 304 0
INFO 2020-07-08 21:14:57,606 basehttp 124 "GET /static/xadmin/vendor/jquery-ui/jquery.ui.mouse.js HTTP/1.1" 304 0
INFO 2020-07-08 21:14:57,606 basehttp 124 "GET /static/xadmin/vendor/bootstrap/js/bootstrap.js HTTP/1.1" 304 0
INFO 2020-07-08 21:14:57,607 basehttp 124 "GET /static/xadmin/vendor/jquery-ui/jquery.ui.widget.js HTTP/1.1" 304 0
INFO 2020-07-08 21:14:57,608 basehttp 124 "GET /static/xadmin/vendor/jquery-ui/jquery.ui.core.js HTTP/1.1" 304 0
INFO 2020-07-08 21:14:57,609 basehttp 124 "GET /static/xadmin/vendor/jquery-ui/jquery.ui.sortable.js HTTP/1.1" 304 0
INFO 2020-07-08 21:14:57,631 basehttp 124 "GET /static/xadmin/js/xadmin.main.js HTTP/1.1" 304 0
INFO 2020-07-08 21:14:57,631 basehttp 124 "GET /static/xadmin/js/xadmin.responsive.js HTTP/1.1" 304 0
INFO 2020-07-08 21:14:57,631 basehttp 124 "GET /static/xadmin/vendor/jquery-ui/jquery.ui.effect.js HTTP/1.1" 304 0
INFO 2020-07-08 21:14:57,639 basehttp 124 "GET /static/xadmin/js/xadmin.plugin.themes.js HTTP/1.1" 304 0
INFO 2020-07-08 21:14:57,649 basehttp 124 "GET /static/xadmin/js/xadmin.plugin.details.js HTTP/1.1" 304 0
INFO 2020-07-08 21:14:57,652 basehttp 124 "GET /static/xadmin/js/xadmin.plugin.bookmark.js HTTP/1.1" 304 0
INFO 2020-07-08 21:14:57,656 basehttp 124 "GET /static/xadmin/js/xadmin.plugin.filters.js HTTP/1.1" 304 0
INFO 2020-07-08 21:14:57,665 basehttp 124 "GET /static/xadmin/js/xadmin.page.list.js HTTP/1.1" 304 0
INFO 2020-07-08 21:14:57,670 basehttp 124 "GET /static/xadmin/js/xadmin.page.form.js HTTP/1.1" 304 0
INFO 2020-07-08 21:15:01,599 basehttp 124 "GET /xadmin/jsi18n/ HTTP/1.1" 200 7684
INFO 2020-07-08 21:15:01,666 basehttp 124 "GET /static/xadmin/vendor/font-awesome/fonts/fontawesome-webfont.woff?v=4.0.3 HTTP/1.1" 304 0
INFO 2020-07-08 21:15:15,386 basehttp 124 "GET /xadmin/home/nav/add/ HTTP/1.1" 200 19189
INFO 2020-07-08 21:15:15,497 basehttp 124 "GET /static/xadmin/vendor/select2/select2.css HTTP/1.1" 304 0
INFO 2020-07-08 21:15:15,506 basehttp 124 "GET /static/xadmin/js/xadmin.plugin.portal.js HTTP/1.1" 304 0
INFO 2020-07-08 21:15:15,511 basehttp 124 "GET /static/xadmin/vendor/selectize/selectize.css HTTP/1.1" 304 0
INFO 2020-07-08 21:15:15,511 basehttp 124 "GET /static/xadmin/vendor/selectize/selectize.bootstrap3.css HTTP/1.1" 304 0
INFO 2020-07-08 21:15:15,512 basehttp 124 "GET /static/xadmin/vendor/selectize/selectize.js HTTP/1.1" 304 0
INFO 2020-07-08 21:15:15,517 basehttp 124 "GET /static/xadmin/vendor/select2/select2.js HTTP/1.1" 304 0
INFO 2020-07-08 21:15:15,548 basehttp 124 "GET /static/xadmin/js/xadmin.widget.select.js HTTP/1.1" 304 0
INFO 2020-07-08 21:15:15,548 basehttp 124 "GET /static/xadmin/vendor/select2/select2_locale_zh-hans.js HTTP/1.1" 304 0
INFO 2020-07-08 21:15:19,537 basehttp 124 "GET /xadmin/jsi18n/ HTTP/1.1" 200 7684
INFO 2020-07-08 21:15:53,567 basehttp 124 "POST /xadmin/home/nav/add/ HTTP/1.1" 302 0
INFO 2020-07-08 21:15:57,686 basehttp 124 "GET /xadmin/home/nav/ HTTP/1.1" 200 28919
INFO 2020-07-08 21:15:57,771 basehttp 124 "GET /static/xadmin/js/xadmin.plugin.actions.js HTTP/1.1" 304 0
INFO 2020-07-08 21:16:01,814 basehttp 124 "GET /xadmin/jsi18n/ HTTP/1.1" 200 7684
INFO 2020-07-08 21:16:32,675 basehttp 124 "GET /home/footer/ HTTP/1.1" 200 37
INFO 2020-07-08 21:16:32,682 basehttp 124 "GET /home/banner/ HTTP/1.1" 200 217
INFO 2020-07-08 21:16:32,715 basehttp 124 "GET /media/banner/01.png HTTP/1.1" 304 0
INFO 2020-07-08 21:16:32,751 basehttp 124 "GET /media/banner/02.png HTTP/1.1" 304 0
INFO 2020-07-08 21:16:32,785 basehttp 124 "GET /media/banner/03.png HTTP/1.1" 304 0
INFO 2020-07-08 21:18:37,001 basehttp 124 "GET /xadmin/home/nav/add/ HTTP/1.1" 200 19189
INFO 2020-07-08 21:18:41,115 basehttp 124 "GET /xadmin/jsi18n/ HTTP/1.1" 200 7684
INFO 2020-07-08 21:18:58,140 basehttp 124 "POST /xadmin/home/nav/add/ HTTP/1.1" 302 0
INFO 2020-07-08 21:19:02,270 basehttp 124 "GET /xadmin/home/nav/add/ HTTP/1.1" 200 19532
INFO 2020-07-08 21:19:06,386 basehttp 124 "GET /xadmin/jsi18n/ HTTP/1.1" 200 7684
INFO 2020-07-08 21:19:19,873 basehttp 124 "GET /home/footer/ HTTP/1.1" 200 73
INFO 2020-07-08 21:19:19,876 basehttp 124 "GET /home/banner/ HTTP/1.1" 200 217
INFO 2020-07-08 21:19:19,898 basehttp 124 "GET /media/banner/01.png HTTP/1.1" 304 0
INFO 2020-07-08 21:19:19,903 basehttp 124 "GET /media/banner/02.png HTTP/1.1" 304 0
INFO 2020-07-08 21:19:19,907 basehttp 124 "GET /media/banner/03.png HTTP/1.1" 304 0
INFO 2020-07-08 21:19:59,513 basehttp 124 "GET /xadmin/home/nav/ HTTP/1.1" 200 29211
INFO 2020-07-08 21:20:03,625 basehttp 124 "GET /xadmin/jsi18n/ HTTP/1.1" 200 7684
INFO 2020-07-08 21:20:18,831 basehttp 124 "GET /xadmin/home/nav/2/update/ HTTP/1.1" 200 19481
INFO 2020-07-08 21:20:22,941 basehttp 124 "GET /xadmin/jsi18n/ HTTP/1.1" 200 7684
INFO 2020-07-08 21:20:31,460 basehttp 124 "POST /xadmin/home/nav/2/update/ HTTP/1.1" 302 0
INFO 2020-07-08 21:20:35,567 basehttp 124 "GET /xadmin/home/nav/ HTTP/1.1" 200 29446
INFO 2020-07-08 21:20:39,677 basehttp 124 "GET /xadmin/jsi18n/ HTTP/1.1" 200 7684
INFO 2020-07-08 21:20:48,235 basehttp 124 "GET /home/banner/ HTTP/1.1" 200 217
INFO 2020-07-08 21:20:48,256 basehttp 124 "GET /home/footer/ HTTP/1.1" 200 73
INFO 2020-07-08 21:21:28,760 basehttp 124 "GET /xadmin/home/nav/add/ HTTP/1.1" 200 19189
INFO 2020-07-08 21:21:32,867 basehttp 124 "GET /xadmin/jsi18n/ HTTP/1.1" 200 7684
INFO 2020-07-08 21:22:06,257 basehttp 124 "POST /xadmin/home/nav/add/ HTTP/1.1" 302 0
INFO 2020-07-08 21:22:10,384 basehttp 124 "GET /xadmin/home/nav/add/ HTTP/1.1" 200 19532
INFO 2020-07-08 21:22:14,521 basehttp 124 "GET /xadmin/jsi18n/ HTTP/1.1" 200 7684
INFO 2020-07-08 21:22:44,064 basehttp 124 "POST /xadmin/home/nav/add/ HTTP/1.1" 302 0
INFO 2020-07-08 21:22:48,248 basehttp 124 "GET /xadmin/home/nav/add/ HTTP/1.1" 200 19532
INFO 2020-07-08 21:22:52,347 basehttp 124 "GET /xadmin/jsi18n/ HTTP/1.1" 200 7684
INFO 2020-07-08 21:23:07,891 basehttp 124 "POST /xadmin/home/nav/add/ HTTP/1.1" 302 0
INFO 2020-07-08 21:23:12,035 basehttp 124 "GET /xadmin/home/nav/add/ HTTP/1.1" 200 19532
INFO 2020-07-08 21:23:16,118 basehttp 124 "GET /xadmin/jsi18n/ HTTP/1.1" 200 7684
INFO 2020-07-08 21:23:29,858 basehttp 124 "POST /xadmin/home/nav/add/ HTTP/1.1" 302 0
INFO 2020-07-08 21:23:34,000 basehttp 124 "GET /xadmin/home/nav/add/ HTTP/1.1" 200 19532
INFO 2020-07-08 21:23:38,106 basehttp 124 "GET /xadmin/jsi18n/ HTTP/1.1" 200 7684
INFO 2020-07-08 21:23:53,364 basehttp 124 "GET /home/banner/ HTTP/1.1" 200 217
INFO 2020-07-08 21:23:53,373 basehttp 124 "GET /home/footer/ HTTP/1.1" 200 217
INFO 2020-07-08 21:23:53,390 basehttp 124 "GET /media/banner/01.png HTTP/1.1" 304 0
INFO 2020-07-08 21:23:53,391 basehttp 124 "GET /media/banner/02.png HTTP/1.1" 304 0
INFO 2020-07-08 21:23:53,393 basehttp 124 "GET /media/banner/03.png HTTP/1.1" 304 0
INFO 2020-07-08 21:25:52,245 basehttp 124 "GET /home/footer/ HTTP/1.1" 200 217
ERROR 2020-07-08 21:25:52,247 basehttp 124 "GET /home/footer/ HTTP/1.1" 500 59
INFO 2020-07-08 21:25:56,603 basehttp 124 "GET /home/footer/ HTTP/1.1" 200 217
INFO 2020-07-08 21:25:56,603 basehttp 124 "GET /home/banner/ HTTP/1.1" 200 217
INFO 2020-07-08 21:26:34,344 basehttp 124 "GET /home/footer/ HTTP/1.1" 200 217
INFO 2020-07-08 21:26:34,348 basehttp 124 "GET /home/banner/ HTTP/1.1" 200 217
INFO 2020-07-08 21:26:41,660 basehttp 124 "GET /home/footer/ HTTP/1.1" 200 217
INFO 2020-07-08 21:26:41,669 basehttp 124 "GET /home/banner/ HTTP/1.1" 200 217
INFO 2020-07-08 21:26:41,698 basehttp 124 "GET /media/banner/03.png HTTP/1.1" 304 0
INFO 2020-07-08 21:27:23,012 basehttp 124 "GET /home/banner/ HTTP/1.1" 200 217
INFO 2020-07-08 21:27:23,030 basehttp 124 "GET /home/footer/ HTTP/1.1" 200 217
INFO 2020-07-08 21:27:23,037 basehttp 124 "GET /media/banner/01.png HTTP/1.1" 304 0
INFO 2020-07-08 21:27:23,040 basehttp 124 "GET /media/banner/02.png HTTP/1.1" 304 0
INFO 2020-07-08 21:32:54,404 basehttp 124 "GET /home/footer/ HTTP/1.1" 200 217
INFO 2020-07-08 21:34:23,266 basehttp 124 "GET /home/footer/ HTTP/1.1" 200 217
INFO 2020-07-08 21:37:51,541 basehttp 124 "GET /home/header/ HTTP/1.1" 200 2
INFO 2020-07-08 21:38:06,521 basehttp 124 "POST /xadmin/home/nav/add/ HTTP/1.1" 302 0
INFO 2020-07-08 21:38:12,446 basehttp 124 "GET /xadmin/home/nav/add/ HTTP/1.1" 200 19536
INFO 2020-07-08 21:38:12,547 basehttp 124 "GET /static/xadmin/vendor/bootstrap/css/bootstrap.css HTTP/1.1" 304 0
INFO 2020-07-08 21:38:12,551 basehttp 124 "GET /static/xadmin/vendor/font-awesome/css/font-awesome.css HTTP/1.1" 304 0
INFO 2020-07-08 21:38:12,551 basehttp 124 "GET /static/xadmin/css/themes/bootstrap-xadmin.css HTTP/1.1" 304 0
INFO 2020-07-08 21:38:12,555 basehttp 124 "GET /static/xadmin/css/xadmin.main.css HTTP/1.1" 304 0
INFO 2020-07-08 21:38:12,562 basehttp 124 "GET /static/xadmin/css/xadmin.plugins.css HTTP/1.1" 304 0
INFO 2020-07-08 21:38:12,566 basehttp 124 "GET /static/xadmin/css/xadmin.responsive.css HTTP/1.1" 304 0
INFO 2020-07-08 21:38:12,567 basehttp 124 "GET /static/xadmin/vendor/select2/select2.css HTTP/1.1" 304 0
INFO 2020-07-08 21:38:12,597 basehttp 124 "GET /static/xadmin/vendor/selectize/selectize.bootstrap3.css HTTP/1.1" 304 0
INFO 2020-07-08 21:38:12,598 basehttp 124 "GET /static/xadmin/css/xadmin.form.css HTTP/1.1" 304 0
INFO 2020-07-08 21:38:12,598 basehttp 124 "GET /static/xadmin/vendor/jquery/jquery.js HTTP/1.1" 304 0
INFO 2020-07-08 21:38:12,601 basehttp 124 "GET /static/xadmin/vendor/selectize/selectize.css HTTP/1.1" 304 0
INFO 2020-07-08 21:38:12,605 basehttp 124 "GET /static/xadmin/vendor/jquery-ui/jquery.ui.core.js HTTP/1.1" 304 0
INFO 2020-07-08 21:38:12,634 basehttp 124 "GET /static/xadmin/vendor/jquery-ui/jquery.ui.widget.js HTTP/1.1" 304 0
INFO 2020-07-08 21:38:12,637 basehttp 124 "GET /static/xadmin/vendor/jquery-ui/jquery.ui.sortable.js HTTP/1.1" 304 0
INFO 2020-07-08 21:38:12,642 basehttp 124 "GET /static/xadmin/vendor/bootstrap/js/bootstrap.js HTTP/1.1" 304 0
INFO 2020-07-08 21:38:12,644 basehttp 124 "GET /static/xadmin/vendor/jquery-ui/jquery.ui.mouse.js HTTP/1.1" 304 0
INFO 2020-07-08 21:38:12,645 basehttp 124 "GET /static/xadmin/js/xadmin.main.js HTTP/1.1" 304 0
INFO 2020-07-08 21:38:12,671 basehttp 124 "GET /static/xadmin/js/xadmin.responsive.js HTTP/1.1" 304 0
INFO 2020-07-08 21:38:12,673 basehttp 124 "GET /static/xadmin/vendor/jquery-ui/jquery.ui.effect.js HTTP/1.1" 304 0
INFO 2020-07-08 21:38:12,683 basehttp 124 "GET /static/xadmin/js/xadmin.plugin.themes.js HTTP/1.1" 304 0
INFO 2020-07-08 21:38:12,689 basehttp 124 "GET /static/xadmin/vendor/selectize/selectize.js HTTP/1.1" 304 0
INFO 2020-07-08 21:38:12,689 basehttp 124 "GET /static/xadmin/js/xadmin.plugin.portal.js HTTP/1.1" 304 0
INFO 2020-07-08 21:38:12,704 basehttp 124 "GET /static/xadmin/vendor/select2/select2.js HTTP/1.1" 304 0
INFO 2020-07-08 21:38:12,707 basehttp 124 "GET /static/xadmin/vendor/select2/select2_locale_zh-hans.js HTTP/1.1" 304 0
INFO 2020-07-08 21:38:12,708 basehttp 124 "GET /static/xadmin/js/xadmin.widget.select.js HTTP/1.1" 304 0
INFO 2020-07-08 21:38:12,751 basehttp 124 "GET /static/xadmin/js/xadmin.page.form.js HTTP/1.1" 304 0
INFO 2020-07-08 21:38:16,616 basehttp 124 "GET /xadmin/jsi18n/ HTTP/1.1" 200 7684
INFO 2020-07-08 21:38:16,633 basehttp 124 "GET /static/xadmin/vendor/font-awesome/fonts/fontawesome-webfont.woff?v=4.0.3 HTTP/1.1" 304 0
INFO 2020-07-08 21:38:40,105 basehttp 124 "POST /xadmin/home/nav/add/ HTTP/1.1" 302 0
INFO 2020-07-08 21:38:44,234 basehttp 124 "GET /xadmin/home/nav/add/ HTTP/1.1" 200 19541
INFO 2020-07-08 21:38:48,345 basehttp 124 "GET /xadmin/jsi18n/ HTTP/1.1" 200 7684
INFO 2020-07-08 21:39:24,000 basehttp 124 "POST /xadmin/home/nav/add/ HTTP/1.1" 302 0
INFO 2020-07-08 21:39:28,125 basehttp 124 "GET /xadmin/home/nav/add/ HTTP/1.1" 200 19532
INFO 2020-07-08 21:39:32,224 basehttp 124 "GET /xadmin/jsi18n/ HTTP/1.1" 200 7684
INFO 2020-07-08 21:39:44,713 basehttp 124 "POST /xadmin/home/nav/add/ HTTP/1.1" 302 0
INFO 2020-07-08 21:39:48,831 basehttp 124 "GET /xadmin/home/nav/add/ HTTP/1.1" 200 19542
INFO 2020-07-08 21:39:52,949 basehttp 124 "GET /xadmin/jsi18n/ HTTP/1.1" 200 7684
INFO 2020-07-08 21:40:03,280 basehttp 124 "POST /xadmin/home/nav/add/ HTTP/1.1" 302 0
INFO 2020-07-08 21:40:07,407 basehttp 124 "GET /xadmin/home/nav/ HTTP/1.1" 200 34821
INFO 2020-07-08 21:40:07,501 basehttp 124 "GET /static/xadmin/js/xadmin.plugin.actions.js HTTP/1.1" 304 0
INFO 2020-07-08 21:40:07,502 basehttp 124 "GET /static/xadmin/js/xadmin.plugin.details.js HTTP/1.1" 304 0
INFO 2020-07-08 21:40:07,502 basehttp 124 "GET /static/xadmin/js/xadmin.plugin.bookmark.js HTTP/1.1" 304 0
INFO 2020-07-08 21:40:07,503 basehttp 124 "GET /static/xadmin/js/xadmin.page.list.js HTTP/1.1" 304 0
INFO 2020-07-08 21:40:07,503 basehttp 124 "GET /static/xadmin/js/xadmin.plugin.filters.js HTTP/1.1" 304 0
INFO 2020-07-08 21:40:11,529 basehttp 124 "GET /xadmin/jsi18n/ HTTP/1.1" 200 7684
INFO 2020-07-08 21:44:24,452 basehttp 124 "GET /home/header/ HTTP/1.1" 200 208
INFO 2020-07-08 21:44:51,238 basehttp 124 "GET /home/header/ HTTP/1.1" 200 208
INFO 2020-07-08 21:45:03,155 basehttp 124 "GET /home/header/ HTTP/1.1" 200 208
INFO 2020-07-08 21:46:09,082 basehttp 124 "GET /home/header/ HTTP/1.1" 200 208
INFO 2020-07-08 21:46:09,100 basehttp 124 "GET /home/footer/ HTTP/1.1" 200 217
